<?xml version="1.0" encoding="UTF-8"?>
<testng-results skipped="0" failed="1" ignored="0" total="1" passed="0">
  <reporter-output>
    <line>
      <![CDATA[STEP1]]>
    </line>
    <line>
      <![CDATA[STEP2]]>
    </line>
    <line>
      <![CDATA[STEP3]]>
    </line>
  </reporter-output>
  <suite name="Default suite" duration-ms="25537" started-at="2019-06-15T06:17:06Z" finished-at="2019-06-15T06:17:31Z">
    <groups>
    </groups>
    <test name="Default test" duration-ms="25537" started-at="2019-06-15T06:17:06Z" finished-at="2019-06-15T06:17:31Z">
      <class name="serviceHub.OrderManagement.CreateOrder">
        <test-method status="PASS" signature="precondtions()[pri:0, instance:serviceHub.OrderManagement.CreateOrder@10959ece]" name="precondtions" is-config="true" duration-ms="16141" started-at="2019-06-15T11:47:06Z" finished-at="2019-06-15T11:47:22Z">
          <reporter-output>
          </reporter-output>
        </test-method> <!-- precondtions -->
        <test-method status="FAIL" signature="createOrderTest()[pri:0, instance:serviceHub.OrderManagement.CreateOrder@10959ece]" name="createOrderTest" duration-ms="4447" started-at="2019-06-15T11:47:22Z" finished-at="2019-06-15T11:47:26Z">
          <exception class="atu.testng.reports.exceptions.ATUReporterStepFailedException">
            <full-stacktrace>
              <![CDATA[[ATU Custom Reporter Step Failed Exception]
	at atu.testng.reports.ATUReports.stepFailureHandler(Unknown Source)
	at atu.testng.reports.ATUReports.add(Unknown Source)
	at serviceHub.OrderManagement.CreateOrder.createOrderTest(CreateOrder.java:127)
	at sun.reflect.NativeMethodAccessorImpl.invoke0(Native Method)
	at sun.reflect.NativeMethodAccessorImpl.invoke(NativeMethodAccessorImpl.java:62)
	at sun.reflect.DelegatingMethodAccessorImpl.invoke(DelegatingMethodAccessorImpl.java:43)
	at java.lang.reflect.Method.invoke(Method.java:497)
	at org.testng.internal.MethodInvocationHelper.invokeMethod(MethodInvocationHelper.java:108)
	at org.testng.internal.Invoker.invokeMethod(Invoker.java:661)
	at org.testng.internal.Invoker.invokeTestMethod(Invoker.java:869)
	at org.testng.internal.Invoker.invokeTestMethods(Invoker.java:1193)
	at org.testng.internal.TestMethodWorker.invokeTestMethods(TestMethodWorker.java:126)
	at org.testng.internal.TestMethodWorker.run(TestMethodWorker.java:109)
	at org.testng.TestRunner.privateRun(TestRunner.java:744)
	at org.testng.TestRunner.run(TestRunner.java:602)
	at org.testng.SuiteRunner.runTest(SuiteRunner.java:380)
	at org.testng.SuiteRunner.runSequentially(SuiteRunner.java:375)
	at org.testng.SuiteRunner.privateRun(SuiteRunner.java:340)
	at org.testng.SuiteRunner.run(SuiteRunner.java:289)
	at org.testng.SuiteRunnerWorker.runSuite(SuiteRunnerWorker.java:52)
	at org.testng.SuiteRunnerWorker.run(SuiteRunnerWorker.java:86)
	at org.testng.TestNG.runSuitesSequentially(TestNG.java:1301)
	at org.testng.TestNG.runSuitesLocally(TestNG.java:1226)
	at org.testng.TestNG.runSuites(TestNG.java:1144)
	at org.testng.TestNG.run(TestNG.java:1115)
	at org.testng.remote.AbstractRemoteTestNG.run(AbstractRemoteTestNG.java:132)
	at org.testng.remote.RemoteTestNG.initAndRun(RemoteTestNG.java:230)
	at org.testng.remote.RemoteTestNG.main(RemoteTestNG.java:76)
]]>
            </full-stacktrace>
          </exception> <!-- atu.testng.reports.exceptions.ATUReporterStepFailedException -->
          <reporter-output>
            <line>
              <![CDATA[STEP1]]>
            </line>
            <line>
              <![CDATA[STEP2]]>
            </line>
            <line>
              <![CDATA[STEP3]]>
            </line>
          </reporter-output>
        </test-method> <!-- createOrderTest -->
        <test-method status="PASS" signature="postcondtions()[pri:0, instance:serviceHub.OrderManagement.CreateOrder@10959ece]" name="postcondtions" is-config="true" duration-ms="4926" started-at="2019-06-15T11:47:26Z" finished-at="2019-06-15T11:47:31Z">
          <reporter-output>
          </reporter-output>
        </test-method> <!-- postcondtions -->
      </class> <!-- serviceHub.OrderManagement.CreateOrder -->
    </test> <!-- Default test -->
  </suite> <!-- Default suite -->
</testng-results>
